#
# There is insufficient memory for the Java Runtime Environment to continue.
# Native memory allocation (malloc) failed to allocate 32744 bytes for ChunkPool::allocate
# Possible reasons:
#   The system is out of physical RAM or swap space
#   In 32 bit mode, the process size limit was hit
# Possible solutions:
#   Reduce memory load on the system
#   Increase physical memory or swap space
#   Check if swap backing store is full
#   Use 64 bit Java on a 64 bit OS
#   Decrease Java heap size (-Xmx/-Xms)
#   Decrease number of Java threads
#   Decrease Java thread stack sizes (-Xss)
#   Set larger code cache with -XX:ReservedCodeCacheSize=
# This output file may be truncated or incomplete.
#
#  Out of Memory Error (allocation.cpp:273), pid=4708, tid=0x0000000000003a04
#
# JRE version: Java(TM) SE Runtime Environment (8.0_112-b15) (build 1.8.0_112-b15)
# Java VM: Java HotSpot(TM) 64-Bit Server VM (25.112-b15 mixed mode windows-amd64 compressed oops)
# Failed to write core dump. Minidumps are not enabled by default on client versions of Windows
#

---------------  T H R E A D  ---------------

Current thread (0x00000000593f1800):  JavaThread "C2 CompilerThread1" daemon [_thread_in_native, id=14852, stack(0x0000000059c80000,0x0000000059d80000)]

Stack: [0x0000000059c80000,0x0000000059d80000]
[error occurred during error reporting (printing stack bounds), id 0xc0000005]

Native frames: (J=compiled Java code, j=interpreted, Vv=VM code, C=native code)


Current CompileTask:
C2:  38532 4482       4       java.net.URLClassLoader$1::run (5 bytes)


---------------  P R O C E S S  ---------------

Java Threads: ( => current thread )
  0x00000000594dd000 JavaThread "Monitor Ctrl-Break" daemon [_thread_in_native, id=13284, stack(0x000000005a1c0000,0x000000005a2c0000)]
  0x0000000059463000 JavaThread "Service Thread" daemon [_thread_blocked, id=5804, stack(0x0000000012e00000,0x0000000012f00000)]
  0x00000000593f2800 JavaThread "C1 CompilerThread2" daemon [_thread_blocked, id=14616, stack(0x0000000058e40000,0x0000000058f40000)]
=>0x00000000593f1800 JavaThread "C2 CompilerThread1" daemon [_thread_in_native, id=14852, stack(0x0000000059c80000,0x0000000059d80000)]
  0x00000000593ef800 JavaThread "C2 CompilerThread0" daemon [_thread_in_native, id=8820, stack(0x0000000059ab0000,0x0000000059bb0000)]
  0x00000000593ca800 JavaThread "Attach Listener" daemon [_thread_blocked, id=12988, stack(0x0000000059900000,0x0000000059a00000)]
  0x0000000057dff000 JavaThread "Signal Dispatcher" daemon [_thread_blocked, id=12484, stack(0x00000000597d0000,0x00000000598d0000)]
  0x0000000057ddb000 JavaThread "Finalizer" daemon [_thread_blocked, id=5036, stack(0x00000000592c0000,0x00000000593c0000)]
  0x0000000057d94000 JavaThread "Reference Handler" daemon [_thread_blocked, id=10200, stack(0x0000000059130000,0x0000000059230000)]
  0x0000000002b88000 JavaThread "main" [_thread_blocked, id=13324, stack(0x0000000002f80000,0x0000000003080000)]

Other Threads:
  0x0000000057d8c000 VMThread [stack: 0x0000000058f40000,0x0000000059040000] [id=12404]
  0x00000000594be800 WatcherThread [stack: 0x0000000059f00000,0x000000005a000000] [id=9844]

VM state:at safepoint (normal execution)

VM Mutex/Monitor currently owned by a thread:  ([mutex/lock_event])
[0x00000000003be4c0] Threads_lock - owner thread: 0x0000000057d8c000
[0x00000000003be9c0] Heap_lock - owner thread: 0x0000000002b88000

Heap:
 PSYoungGen      total 72704K, used 7600K [0x00000000d5580000, 0x00000000da900000, 0x0000000100000000)
  eden space 59904K, 0% used [0x00000000d5580000,0x00000000d5580000,0x00000000d9000000)
  from space 12800K, 59% used [0x00000000d9000000,0x00000000d976c1e0,0x00000000d9c80000)
  to   space 12800K, 0% used [0x00000000d9c80000,0x00000000d9c80000,0x00000000da900000)
 ParOldGen       total 87552K, used 47654K [0x0000000080000000, 0x0000000085580000, 0x00000000d5580000)
  object space 87552K, 54% used [0x0000000080000000,0x0000000082e89b58,0x0000000085580000)
 Metaspace       used 20554K, capacity 21086K, committed 21248K, reserved 1069056K
  class space    used 2350K, capacity 2456K, committed 2560K, reserved 1048576K

Card table byte_map: [0x0000000012440000,0x0000000012850000] byte_map_base: 0x0000000012040000

Marking Bits: (ParMarkBitMap*) 0x000000006deea6d0
 Begin Bits: [0x0000000013000000, 0x0000000015000000)
 End Bits:   [0x0000000015000000, 0x0000000017000000)

Polling page: 0x0000000000380000

CodeCache: size=245760Kb used=15995Kb max_used=15995Kb free=229764Kb
 bounds [0x0000000003080000, 0x0000000004040000, 0x0000000012080000]
 total_blobs=4392 nmethods=4030 adapters=274
 compilation: enabled

Compilation events (10 events):
Event: 38.446 Thread 0x00000000593f2800 nmethod 4527 0x000000000402cb90 code [0x000000000402cd00, 0x000000000402cf08]
Event: 38.446 Thread 0x00000000593f2800 4528   !   3       sun.misc.URLClassPath$JarLoader::getResource (349 bytes)
Event: 38.449 Thread 0x00000000593f2800 nmethod 4528 0x000000000402cfd0 code [0x000000000402d420, 0x000000000402f5a8]
Event: 38.453 Thread 0x00000000593f2800 4530       3       java.net.URLClassLoader$2::run (5 bytes)
Event: 38.453 Thread 0x00000000593f2800 nmethod 4530 0x0000000004031410 code [0x0000000004031580, 0x00000000040317c8]
Event: 38.453 Thread 0x00000000593f2800 4531       3       java.net.URLClassLoader$2::run (16 bytes)
Event: 38.453 Thread 0x00000000593f2800 nmethod 4531 0x0000000004031910 code [0x0000000004031a80, 0x0000000004031c48]
Event: 38.454 Thread 0x00000000593f2800 4532       3       java.net.URI::<init> (81 bytes)
Event: 38.454 Thread 0x00000000593f2800 nmethod 4532 0x0000000004031d50 code [0x0000000004031f00, 0x0000000004032488]
Event: 38.455 Thread 0x00000000593f2800 4533       3       java.net.URI::toString (60 bytes)

GC Heap History (10 events):
Event: 36.164 GC heap after
Heap after GC invocations=14 (full 0):
 PSYoungGen      total 38400K, used 4211K [0x00000000d5580000, 0x00000000d9680000, 0x0000000100000000)
  eden space 26624K, 0% used [0x00000000d5580000,0x00000000d5580000,0x00000000d6f80000)
  from space 11776K, 35% used [0x00000000d7b00000,0x00000000d7f1cc78,0x00000000d8680000)
  to   space 11776K, 0% used [0x00000000d6f80000,0x00000000d6f80000,0x00000000d7b00000)
 ParOldGen       total 87552K, used 42382K [0x0000000080000000, 0x0000000085580000, 0x00000000d5580000)
  object space 87552K, 48% used [0x0000000080000000,0x0000000082963a20,0x0000000085580000)
 Metaspace       used 19541K, capacity 19994K, committed 20096K, reserved 1067008K
  class space    used 2245K, capacity 2348K, committed 2432K, reserved 1048576K
}
Event: 36.432 GC heap before
{Heap before GC invocations=15 (full 0):
 PSYoungGen      total 38400K, used 30835K [0x00000000d5580000, 0x00000000d9680000, 0x0000000100000000)
  eden space 26624K, 100% used [0x00000000d5580000,0x00000000d6f80000,0x00000000d6f80000)
  from space 11776K, 35% used [0x00000000d7b00000,0x00000000d7f1cc78,0x00000000d8680000)
  to   space 11776K, 0% used [0x00000000d6f80000,0x00000000d6f80000,0x00000000d7b00000)
 ParOldGen       total 87552K, used 42382K [0x0000000080000000, 0x0000000085580000, 0x00000000d5580000)
  object space 87552K, 48% used [0x0000000080000000,0x0000000082963a20,0x0000000085580000)
 Metaspace       used 19580K, capacity 19994K, committed 20096K, reserved 1067008K
  class space    used 2247K, capacity 2348K, committed 2432K, reserved 1048576K
Event: 36.441 GC heap after
Heap after GC invocations=15 (full 0):
 PSYoungGen      total 38400K, used 1297K [0x00000000d5580000, 0x00000000d9780000, 0x0000000100000000)
  eden space 26624K, 0% used [0x00000000d5580000,0x00000000d5580000,0x00000000d6f80000)
  from space 11776K, 11% used [0x00000000d6f80000,0x00000000d70c4550,0x00000000d7b00000)
  to   space 12288K, 0% used [0x00000000d8b80000,0x00000000d8b80000,0x00000000d9780000)
 ParOldGen       total 87552K, used 46477K [0x0000000080000000, 0x0000000085580000, 0x00000000d5580000)
  object space 87552K, 53% used [0x0000000080000000,0x0000000082d637d0,0x0000000085580000)
 Metaspace       used 19580K, capacity 19994K, committed 20096K, reserved 1067008K
  class space    used 2247K, capacity 2348K, committed 2432K, reserved 1048576K
}
Event: 36.449 GC heap before
{Heap before GC invocations=16 (full 0):
 PSYoungGen      total 38400K, used 27921K [0x00000000d5580000, 0x00000000d9780000, 0x0000000100000000)
  eden space 26624K, 100% used [0x00000000d5580000,0x00000000d6f80000,0x00000000d6f80000)
  from space 11776K, 11% used [0x00000000d6f80000,0x00000000d70c4550,0x00000000d7b00000)
  to   space 12288K, 0% used [0x00000000d8b80000,0x00000000d8b80000,0x00000000d9780000)
 ParOldGen       total 87552K, used 46477K [0x0000000080000000, 0x0000000085580000, 0x00000000d5580000)
  object space 87552K, 53% used [0x0000000080000000,0x0000000082d637d0,0x0000000085580000)
 Metaspace       used 19580K, capacity 19994K, committed 20096K, reserved 1067008K
  class space    used 2247K, capacity 2348K, committed 2432K, reserved 1048576K
Event: 36.465 GC heap after
Heap after GC invocations=16 (full 0):
 PSYoungGen      total 54784K, used 128K [0x00000000d5580000, 0x00000000d9880000, 0x0000000100000000)
  eden space 42496K, 0% used [0x00000000d5580000,0x00000000d5580000,0x00000000d7f00000)
  from space 12288K, 1% used [0x00000000d8b80000,0x00000000d8ba0000,0x00000000d9780000)
  to   space 12800K, 0% used [0x00000000d7f00000,0x00000000d7f00000,0x00000000d8b80000)
 ParOldGen       total 87552K, used 47646K [0x0000000080000000, 0x0000000085580000, 0x00000000d5580000)
  object space 87552K, 54% used [0x0000000080000000,0x0000000082e87b58,0x0000000085580000)
 Metaspace       used 19580K, capacity 19994K, committed 20096K, reserved 1067008K
  class space    used 2247K, capacity 2348K, committed 2432K, reserved 1048576K
}
Event: 36.480 GC heap before
{Heap before GC invocations=17 (full 0):
 PSYoungGen      total 54784K, used 42624K [0x00000000d5580000, 0x00000000d9880000, 0x0000000100000000)
  eden space 42496K, 100% used [0x00000000d5580000,0x00000000d7f00000,0x00000000d7f00000)
  from space 12288K, 1% used [0x00000000d8b80000,0x00000000d8ba0000,0x00000000d9780000)
  to   space 12800K, 0% used [0x00000000d7f00000,0x00000000d7f00000,0x00000000d8b80000)
 ParOldGen       total 87552K, used 47646K [0x0000000080000000, 0x0000000085580000, 0x00000000d5580000)
  object space 87552K, 54% used [0x0000000080000000,0x0000000082e87b58,0x0000000085580000)
 Metaspace       used 19580K, capacity 19994K, committed 20096K, reserved 1067008K
  class space    used 2247K, capacity 2348K, committed 2432K, reserved 1048576K
Event: 36.493 GC heap after
Heap after GC invocations=17 (full 0):
 PSYoungGen      total 55296K, used 160K [0x00000000d5580000, 0x00000000da900000, 0x0000000100000000)
  eden space 42496K, 0% used [0x00000000d5580000,0x00000000d5580000,0x00000000d7f00000)
  from space 12800K, 1% used [0x00000000d7f00000,0x00000000d7f28000,0x00000000d8b80000)
  to   space 12800K, 0% used [0x00000000d9c80000,0x00000000d9c80000,0x00000000da900000)
 ParOldGen       total 87552K, used 47646K [0x0000000080000000, 0x0000000085580000, 0x00000000d5580000)
  object space 87552K, 54% used [0x0000000080000000,0x0000000082e87b58,0x0000000085580000)
 Metaspace       used 19580K, capacity 19994K, committed 20096K, reserved 1067008K
  class space    used 2247K, capacity 2348K, committed 2432K, reserved 1048576K
}
Event: 36.506 GC heap before
{Heap before GC invocations=18 (full 0):
 PSYoungGen      total 55296K, used 42656K [0x00000000d5580000, 0x00000000da900000, 0x0000000100000000)
  eden space 42496K, 100% used [0x00000000d5580000,0x00000000d7f00000,0x00000000d7f00000)
  from space 12800K, 1% used [0x00000000d7f00000,0x00000000d7f28000,0x00000000d8b80000)
  to   space 12800K, 0% used [0x00000000d9c80000,0x00000000d9c80000,0x00000000da900000)
 ParOldGen       total 87552K, used 47646K [0x0000000080000000, 0x0000000085580000, 0x00000000d5580000)
  object space 87552K, 54% used [0x0000000080000000,0x0000000082e87b58,0x0000000085580000)
 Metaspace       used 19580K, capacity 19994K, committed 20096K, reserved 1067008K
  class space    used 2247K, capacity 2348K, committed 2432K, reserved 1048576K
Event: 36.508 GC heap after
Heap after GC invocations=18 (full 0):
 PSYoungGen      total 72704K, used 160K [0x00000000d5580000, 0x00000000da900000, 0x0000000100000000)
  eden space 59904K, 0% used [0x00000000d5580000,0x00000000d5580000,0x00000000d9000000)
  from space 12800K, 1% used [0x00000000d9c80000,0x00000000d9ca8000,0x00000000da900000)
  to   space 12800K, 0% used [0x00000000d9000000,0x00000000d9000000,0x00000000d9c80000)
 ParOldGen       total 87552K, used 47646K [0x0000000080000000, 0x0000000085580000, 0x00000000d5580000)
  object space 87552K, 54% used [0x0000000080000000,0x0000000082e87b58,0x0000000085580000)
 Metaspace       used 19580K, capacity 19994K, committed 20096K, reserved 1067008K
  class space    used 2247K, capacity 2348K, committed 2432K, reserved 1048576K
}
Event: 38.456 GC heap before
{Heap before GC invocations=19 (full 0):
 PSYoungGen      total 72704K, used 52585K [0x00000000d5580000, 0x00000000da900000, 0x0000000100000000)
  eden space 59904K, 87% used [0x00000000d5580000,0x00000000d88b2590,0x00000000d9000000)
  from space 12800K, 1% used [0x00000000d9c80000,0x00000000d9ca8000,0x00000000da900000)
  to   space 12800K, 0% used [0x00000000d9000000,0x00000000d9000000,0x00000000d9c80000)
 ParOldGen       total 87552K, used 47646K [0x0000000080000000, 0x0000000085580000, 0x00000000d5580000)
  object space 87552K, 54% used [0x0000000080000000,0x0000000082e87b58,0x0000000085580000)
 Metaspace       used 20554K, capacity 21086K, committed 21248K, reserved 1069056K
  class space    used 2350K, capacity 2456K, committed 2560K, reserved 1048576K

Deoptimization events (10 events):
Event: 37.670 Thread 0x0000000002b88000 Uncommon trap: reason=class_check action=maybe_recompile pc=0x0000000003232f88 method=sun.misc.URLClassPath.getLoader(I)Lsun/misc/URLClassPath$Loader; @ 193
Event: 37.670 Thread 0x0000000002b88000 Uncommon trap: reason=class_check action=maybe_recompile pc=0x0000000003a95418 method=sun.misc.URLClassPath.getResource(Ljava/lang/String;Z)Lsun/misc/Resource; @ 62
Event: 38.280 Thread 0x0000000002b88000 Uncommon trap: reason=class_check action=maybe_recompile pc=0x0000000003a95418 method=sun.misc.URLClassPath.getResource(Ljava/lang/String;Z)Lsun/misc/Resource; @ 62
Event: 38.281 Thread 0x0000000002b88000 Uncommon trap: reason=class_check action=maybe_recompile pc=0x00000000033c2cd0 method=sun.misc.URLClassPath.getResource(Ljava/lang/String;Z)Lsun/misc/Resource; @ 62
Event: 38.375 Thread 0x0000000002b88000 Uncommon trap: reason=unstable_if action=reinterpret pc=0x00000000037c4954 method=java.util.regex.Pattern.range(Ljava/util/regex/Pattern$BitClass;)Ljava/util/regex/Pattern$CharProperty; @ 108
Event: 38.375 Thread 0x0000000002b88000 Uncommon trap: reason=bimorphic action=maybe_recompile pc=0x0000000003b5d428 method=java.util.regex.Pattern$Start.<init>(Ljava/util/regex/Pattern$Node;)V @ 22
Event: 38.376 Thread 0x0000000002b88000 Uncommon trap: reason=bimorphic action=maybe_recompile pc=0x000000000352ef30 method=java.util.regex.Pattern$5.isSatisfiedBy(I)Z @ 5
Event: 38.376 Thread 0x0000000002b88000 Uncommon trap: reason=bimorphic action=maybe_recompile pc=0x000000000352ef1c method=java.util.regex.Pattern$5.isSatisfiedBy(I)Z @ 5
Event: 38.376 Thread 0x0000000002b88000 Uncommon trap: reason=bimorphic action=maybe_recompile pc=0x000000000352ef1c method=java.util.regex.Pattern$5.isSatisfiedBy(I)Z @ 5
Event: 38.376 Thread 0x0000000002b88000 Uncommon trap: reason=bimorphic action=maybe_recompile pc=0x000000000352ef1c method=java.util.regex.Pattern$5.isSatisfiedBy(I)Z @ 5

Internal exceptions (10 events):
Event: 19.241 Thread 0x0000000002b88000 Exception <a 'java/lang/NoClassDefFoundError': org/slf4j/Logger> (0x00000000d7083040) thrown at [C:\re\workspace\8-2-build-windows-amd64-cygwin\jdk8u112\7884\hotspot\src\share\vm\oops\constantPool.cpp, line 235]
Event: 21.430 Thread 0x0000000002b88000 Exception <a 'java/lang/NoClassDefFoundError': org/slf4j/Logger> (0x00000000d57e8900) thrown at [C:\re\workspace\8-2-build-windows-amd64-cygwin\jdk8u112\7884\hotspot\src\share\vm\oops\constantPool.cpp, line 235]
Event: 24.303 Thread 0x0000000002b88000 Exception <a 'java/lang/ClassNotFoundException': com/sun/tools/javac/api/JavacTool> (0x00000000d60f0528) thrown at [C:\re\workspace\8-2-build-windows-amd64-cygwin\jdk8u112\7884\hotspot\src\share\vm\classfile\systemDictionary.cpp, line 210]
Event: 31.537 Thread 0x0000000002b88000 Exception <a 'java/security/PrivilegedActionException'> (0x00000000d58ba810) thrown at [C:\re\workspace\8-2-build-windows-amd64-cygwin\jdk8u112\7884\hotspot\src\share\vm\prims\jvm.cpp, line 1390]
Event: 31.538 Thread 0x0000000002b88000 Exception <a 'java/security/PrivilegedActionException'> (0x00000000d58bac08) thrown at [C:\re\workspace\8-2-build-windows-amd64-cygwin\jdk8u112\7884\hotspot\src\share\vm\prims\jvm.cpp, line 1390]
Event: 31.538 Thread 0x0000000002b88000 Exception <a 'java/security/PrivilegedActionException'> (0x00000000d58bc110) thrown at [C:\re\workspace\8-2-build-windows-amd64-cygwin\jdk8u112\7884\hotspot\src\share\vm\prims\jvm.cpp, line 1390]
Event: 31.538 Thread 0x0000000002b88000 Exception <a 'java/security/PrivilegedActionException'> (0x00000000d58bc508) thrown at [C:\re\workspace\8-2-build-windows-amd64-cygwin\jdk8u112\7884\hotspot\src\share\vm\prims\jvm.cpp, line 1390]
Event: 34.172 Thread 0x0000000002b88000 Exception <a 'java/io/FileNotFoundException'> (0x00000000d6d5e268) thrown at [C:\re\workspace\8-2-build-windows-amd64-cygwin\jdk8u112\7884\hotspot\src\share\vm\prims\jni.cpp, line 709]
Event: 34.252 Thread 0x0000000002b88000 Exception <a 'java/io/FileNotFoundException'> (0x00000000d6d92ee8) thrown at [C:\re\workspace\8-2-build-windows-amd64-cygwin\jdk8u112\7884\hotspot\src\share\vm\prims\jni.cpp, line 709]
Event: 34.357 Thread 0x0000000002b88000 Exception <a 'java/io/FileNotFoundException'> (0x00000000d5ded158) thrown at [C:\re\workspace\8-2-build-windows-amd64-cygwin\jdk8u112\7884\hotspot\src\share\vm\prims\jni.cpp, line 709]

Events (10 events):
Event: 38.376 Thread 0x0000000002b88000 DEOPT PACKING pc=0x000000000352ef1c sp=0x000000000307bec0
Event: 38.376 Thread 0x0000000002b88000 DEOPT UNPACKING pc=0x00000000030c582a sp=0x000000000307be60 mode 2
Event: 38.376 Thread 0x0000000002b88000 Uncommon trap: trap_request=0xffffffc6 fr.pc=0x000000000352ef1c
Event: 38.376 Thread 0x0000000002b88000 DEOPT PACKING pc=0x000000000352ef1c sp=0x000000000307bec0
Event: 38.376 Thread 0x0000000002b88000 DEOPT UNPACKING pc=0x00000000030c582a sp=0x000000000307be60 mode 2
Event: 38.420 loading class java/util/Collections$EmptyEnumeration
Event: 38.420 loading class java/util/Collections$EmptyEnumeration done
Event: 38.421 loading class java/util/Vector$1
Event: 38.421 loading class java/util/Vector$1 done
Event: 38.456 Executing VM operation: CollectForMetadataAllocation


Dynamic libraries:
0x000000013fe30000 - 0x000000013fe67000 	C:\Program Files\Java\jdk1.8.0_112\bin\java.exe
0x0000000077730000 - 0x00000000778da000 	C:\Windows\SYSTEM32\ntdll.dll
0x0000000077610000 - 0x000000007772f000 	C:\Windows\system32\kernel32.dll
0x000007fefd7a0000 - 0x000007fefd80a000 	C:\Windows\system32\KERNELBASE.dll
0x000007feff6e0000 - 0x000007feff7bb000 	C:\Windows\system32\ADVAPI32.dll
0x000007fefd8c0000 - 0x000007fefd95f000 	C:\Windows\system32\msvcrt.dll
0x000007feff200000 - 0x000007feff21f000 	C:\Windows\SYSTEM32\sechost.dll
0x000007fefdbd0000 - 0x000007fefdcfd000 	C:\Windows\system32\RPCRT4.dll
0x0000000077510000 - 0x000000007760a000 	C:\Windows\system32\USER32.dll
0x000007fefdd00000 - 0x000007fefdd67000 	C:\Windows\system32\GDI32.dll
0x000007feff1f0000 - 0x000007feff1fe000 	C:\Windows\system32\LPK.dll
0x000007feff230000 - 0x000007feff2fa000 	C:\Windows\system32\USP10.dll
0x000007fefbc30000 - 0x000007fefbe24000 	C:\Windows\WinSxS\amd64_microsoft.windows.common-controls_6595b64144ccf1df_6.0.7601.18837_none_fa3b1e3d17594757\COMCTL32.dll
0x000007feff380000 - 0x000007feff3f1000 	C:\Windows\system32\SHLWAPI.dll
0x000007feff300000 - 0x000007feff32e000 	C:\Windows\system32\IMM32.DLL
0x000007fefdd70000 - 0x000007fefde79000 	C:\Windows\system32\MSCTF.dll
0x000007fefd3a0000 - 0x000007fefd3c5000 	C:\Windows\system32\vmwsci.dll
0x00000000778f0000 - 0x00000000778f7000 	C:\Windows\system32\PSAPI.DLL
0x000007fefb4b0000 - 0x000007fefb55c000 	C:\Windows\system32\tmumh\20019\AddOn\7.0.0.1169\TmUmEvt64.dll
0x00000000750c0000 - 0x00000000751da000 	C:\Windows\system32\tmumh\20019\TmMon\2.5.0.2096\tmmon64.dll
0x000000006d400000 - 0x000000006d4d2000 	C:\Program Files\Java\jdk1.8.0_112\jre\bin\msvcr100.dll
0x000000006d6d0000 - 0x000000006df6a000 	C:\Program Files\Java\jdk1.8.0_112\jre\bin\server\jvm.dll
0x000007fef9fc0000 - 0x000007fef9fc9000 	C:\Windows\system32\WSOCK32.dll
0x000007feff330000 - 0x000007feff37d000 	C:\Windows\system32\WS2_32.dll
0x000007feff220000 - 0x000007feff228000 	C:\Windows\system32\NSI.dll
0x000007fef9f80000 - 0x000007fef9fbb000 	C:\Windows\system32\WINMM.dll
0x000007fefc6f0000 - 0x000007fefc6fc000 	C:\Windows\system32\VERSION.dll
0x000000006e4c0000 - 0x000000006e4cf000 	C:\Program Files\Java\jdk1.8.0_112\jre\bin\verify.dll
0x000000006e490000 - 0x000000006e4b9000 	C:\Program Files\Java\jdk1.8.0_112\jre\bin\java.dll
0x000000006e470000 - 0x000000006e486000 	C:\Program Files\Java\jdk1.8.0_112\jre\bin\zip.dll
0x000007fefde80000 - 0x000007fefec0a000 	C:\Windows\system32\SHELL32.dll
0x000007fefec10000 - 0x000007fefee13000 	C:\Windows\system32\ole32.dll
0x000007fefd470000 - 0x000007fefd47f000 	C:\Windows\system32\profapi.dll
0x000007fef7b00000 - 0x000007fef7b10000 	C:\Program Files\ideaIU-2016.2.5.win\bin\breakgen64.dll
0x000000006e450000 - 0x000000006e46a000 	C:\Program Files\Java\jdk1.8.0_112\jre\bin\net.dll
0x000007fefc2f0000 - 0x000007fefc306000 	C:\Windows\system32\PrxerDrv.dll
0x000007fefcbd0000 - 0x000007fefcc25000 	C:\Windows\system32\mswsock.dll
0x000007fefcbc0000 - 0x000007fefcbc7000 	C:\Windows\System32\wship6.dll
0x000007fefd230000 - 0x000007fefd287000 	C:\Windows\system32\apphelp.dll
0x000000006d5d0000 - 0x000000006d5e1000 	C:\Program Files\Java\jdk1.8.0_112\jre\bin\nio.dll

VM Arguments:
jvm_args: -Dmaven.home=C:\Program Files\ideaIU-2016.2.5.win\plugins\maven\lib\maven3 -Dclassworlds.conf=C:\Program Files\ideaIU-2016.2.5.win\plugins\maven\lib\maven3\bin\m2.conf -Didea.launcher.port=7533 -Didea.launcher.bin.path=C:\Program Files\ideaIU-2016.2.5.win\bin -Dfile.encoding=UTF-8 
java_command: com.intellij.rt.execution.application.AppMain org.codehaus.classworlds.Launcher -Didea.version=2016.2.5 install -P nexus,dev
java_class_path (initial): C:\Program Files\ideaIU-2016.2.5.win\plugins\maven\lib\maven3\boot\plexus-classworlds-2.4.jar;C:\Program Files\ideaIU-2016.2.5.win\lib\idea_rt.jar
Launcher Type: SUN_STANDARD

Environment Variables:
JAVA_HOME=C:\Program Files\Java\jdk1.8.0_112
CLASSPATH=.;C:\Program Files\scala-2.10.5\bin;C:\Program Files\scala-2.10.5\lib\dt.jar;C:\Program Files\scala-2.10.5\lib\tools.jar.;
PATH=C:\Program Files (x86)\Common Files\NetSarang;C:\ProgramData\Oracle\Java\javapath;C:\Program Files\scala-2.10.5\bin;C:\Program Files\scala-2.10.5\jre\bin;C:\Windows\system32;C:\Windows;C:\Windows\System32\Wbem;C:\Windows\System32\WindowsPowerShell\v1.0\;D:\Users\linzhihua\.dnx\bin;C:\Program Files\Microsoft DNX\Dnvm\;C:\Program Files\Microsoft SQL Server\120\Tools\Binn\;C:\Program Files\Microsoft SQL Server\130\Tools\Binn\;C:\Program Files\Java\jdk1.8.0_112\bin;C:\Program Files\Java\jdk1.8.0_112\jre\bin;C:\apache-maven-3.1.1\\bin;C:\Program Files (x86)\Oracle\Instant Client\bin;c:\Program Files (x86)\Microsoft SQL Server\110\Tools\Binn\ManagementStudio\;c:\Program Files (x86)\Microsoft SQL Server\110\Tools\Binn\;c:\Program Files\Microsoft SQL Server\110\Tools\Binn\;c:\Program Files (x86)\Microsoft SQL Server\110\DTS\Binn\;C:\Program Files (x86)\CodeSmith\v7.0\;C:\Program Files\TortoiseSVN\bin;C:\Windows\System32\WindowsPowerShell\v1.0\;C:\Program Files\dotnet\;C:\Program Files\nodejs\;C:\Program Files\Python27
USERNAME=linzhihua
OS=Windows_NT
PROCESSOR_IDENTIFIER=Intel64 Family 6 Model 85 Stepping 4, GenuineIntel



---------------  S Y S T E M  ---------------

OS: Windows 7 , 64 bit Build 7601 (6.1.7601.23677)

CPU:total 4 (2 cores per cpu, 1 threads per core) family 6 model 85 stepping 4, cmov, cx8, fxsr, mmx, sse, sse2, sse3, ssse3, sse4.1, sse4.2, popcnt, avx, aes, clmul, erms, 3dnowpref, tsc, tscinvbit

Memory: 4k page, physical 8388152k(212576k free), swap 12493536k(5120k free)

vm_info: Java HotSpot(TM) 64-Bit Server VM (25.112-b15) for windows-amd64 JRE (1.8.0_112-b15), built on Sep 22 2016 21:31:56 by "java_re" with MS VC++ 10.0 (VS2010)

time: Wed Jan 13 15:50:41 2021
elapsed time: 38 seconds (0d 0h 0m 38s)

